Determining if the pthread_create exist failed with the following output:
Change Dir: /home/gunjan/catkin_ws/build/CMakeFiles/CMakeTmp

Run Build Command:/usr/bin/make "cmTryCompileExec18690172/fast"
/usr/bin/make -f CMakeFiles/cmTryCompileExec18690172.dir/build.make CMakeFiles/cmTryCompileExec18690172.dir/build
make[1]: Entering directory `/home/gunjan/catkin_ws/build/CMakeFiles/CMakeTmp'
/usr/bin/cmake -E cmake_progress_report /home/gunjan/catkin_ws/build/CMakeFiles/CMakeTmp/CMakeFiles 1
Building C object CMakeFiles/cmTryCompileExec18690172.dir/CheckSymbolExists.c.o
/usr/bin/cc    -o CMakeFiles/cmTryCompileExec18690172.dir/CheckSymbolExists.c.o   -c /home/gunjan/catkin_ws/build/CMakeFiles/CMakeTmp/CheckSymbolExists.c
Linking C executable cmTryCompileExec18690172
/usr/bin/cmake -E cmake_link_script CMakeFiles/cmTryCompileExec18690172.dir/link.txt --verbose=1
/usr/bin/cc       CMakeFiles/cmTryCompileExec18690172.dir/CheckSymbolExists.c.o  -o cmTryCompileExec18690172 -rdynamic 
CMakeFiles/cmTryCompileExec18690172.dir/CheckSymbolExists.c.o: In function `main':
CheckSymbolExists.c:(.text+0xa): undefined reference to `pthread_create'
collect2: error: ld returned 1 exit status
make[1]: *** [cmTryCompileExec18690172] Error 1
make[1]: Leaving directory `/home/gunjan/catkin_ws/build/CMakeFiles/CMakeTmp'
make: *** [cmTryCompileExec18690172/fast] Error 2

File /home/gunjan/catkin_ws/build/CMakeFiles/CMakeTmp/CheckSymbolExists.c:
/* */
#include <pthread.h>

int main(int argc, char** argv)
{
  (void)argv;
#ifndef pthread_create
  return ((int*)(&pthread_create))[argc];
#else
  (void)argc;
  return 0;
#endif
}

Determining if the function pthread_create exists in the pthreads failed with the following output:
Change Dir: /home/gunjan/catkin_ws/build/CMakeFiles/CMakeTmp

Run Build Command:/usr/bin/make "cmTryCompileExec998732911/fast"
/usr/bin/make -f CMakeFiles/cmTryCompileExec998732911.dir/build.make CMakeFiles/cmTryCompileExec998732911.dir/build
make[1]: Entering directory `/home/gunjan/catkin_ws/build/CMakeFiles/CMakeTmp'
/usr/bin/cmake -E cmake_progress_report /home/gunjan/catkin_ws/build/CMakeFiles/CMakeTmp/CMakeFiles 1
Building C object CMakeFiles/cmTryCompileExec998732911.dir/CheckFunctionExists.c.o
/usr/bin/cc   -DCHECK_FUNCTION_EXISTS=pthread_create   -o CMakeFiles/cmTryCompileExec998732911.dir/CheckFunctionExists.c.o   -c /usr/share/cmake-2.8/Modules/CheckFunctionExists.c
Linking C executable cmTryCompileExec998732911
/usr/bin/cmake -E cmake_link_script CMakeFiles/cmTryCompileExec998732911.dir/link.txt --verbose=1
/usr/bin/cc   -DCHECK_FUNCTION_EXISTS=pthread_create    CMakeFiles/cmTryCompileExec998732911.dir/CheckFunctionExists.c.o  -o cmTryCompileExec998732911 -rdynamic -lpthreads 
/usr/bin/ld: cannot find -lpthreads
collect2: error: ld returned 1 exit status
make[1]: *** [cmTryCompileExec998732911] Error 1
make[1]: Leaving directory `/home/gunjan/catkin_ws/build/CMakeFiles/CMakeTmp'
make: *** [cmTryCompileExec998732911/fast] Error 2


